*** Using Compiler 'V5.06 update 7 (build 960)', folder: 'D:\Keil5\Keil5\ARM\ARM_Compiler_5.06u7\Bin'
Build target 'Target_1'
Clean started - Project: 'Project'
   deleting intermediate output files for target 'Target_1'
Clean done
assembling startup_stm32f40_41xxx.s...
compiling misc.c...
compiling stm32f4xx_adc.c...
compiling stm32f4xx_can.c...
compiling stm32f4xx_cec.c...
compiling stm32f4xx_crc.c...
compiling stm32f4xx_cryp.c...
compiling stm32f4xx_cryp_aes.c...
compiling stm32f4xx_cryp_des.c...
compiling stm32f4xx_cryp_tdes.c...
compiling stm32f4xx_dac.c...
compiling stm32f4xx_dbgmcu.c...
compiling stm32f4xx_dcmi.c...
compiling stm32f4xx_dfsdm.c...
compiling stm32f4xx_dma.c...
compiling stm32f4xx_dma2d.c...
compiling stm32f4xx_dsi.c...
compiling stm32f4xx_exti.c...
compiling stm32f4xx_flash.c...
compiling stm32f4xx_flash_ramfunc.c...
compiling stm32f4xx_fmpi2c.c...
compiling stm32f4xx_fsmc.c...
compiling stm32f4xx_gpio.c...
compiling stm32f4xx_hash.c...
compiling stm32f4xx_hash_md5.c...
compiling stm32f4xx_hash_sha1.c...
compiling stm32f4xx_i2c.c...
compiling stm32f4xx_iwdg.c...
compiling stm32f4xx_lptim.c...
compiling stm32f4xx_ltdc.c...
compiling stm32f4xx_pwr.c...
compiling stm32f4xx_qspi.c...
compiling stm32f4xx_rcc.c...
compiling stm32f4xx_rng.c...
compiling stm32f4xx_rtc.c...
compiling stm32f4xx_sai.c...
compiling stm32f4xx_sdio.c...
compiling stm32f4xx_spdifrx.c...
compiling stm32f4xx_spi.c...
compiling stm32f4xx_syscfg.c...
compiling stm32f4xx_tim.c...
compiling stm32f4xx_usart.c...
compiling stm32f4xx_wwdg.c...
compiling lcd.c...
compiling ctpiic.c...
compiling ft6336.c...
compiling touch.c...
compiling LCD_SPI.c...
compiling Usart.c...
compiling led.c...
compiling sys.c...
compiling LCD_delay.c...
compiling LCD_Timer.c...
compiling GUI.c...
compiling LCD_test.c...
compiling lv_disp.c...
compiling lv_event.c...
Hardware\LVGL\src\core\lv_event.c(117): warning:  #188-D: enumerated type mixed with another type
      return e->code & ~LV_EVENT_PREPROCESS;
Hardware\LVGL\src\core\lv_event.c: 1 warning, 0 errors
compiling lv_group.c...
compiling lv_indev.c...
compiling lv_indev_scroll.c...
compiling lv_obj.c...
compiling lv_obj_class.c...
compiling lv_obj_draw.c...
Hardware\LVGL\src\core\lv_obj_draw.c(392): warning:  #188-D: enumerated type mixed with another type
      if(obj->spec_attr) return obj->spec_attr->layer_type;
Hardware\LVGL\src\core\lv_obj_draw.c: 1 warning, 0 errors
compiling lv_obj_pos.c...
compiling lv_obj_scroll.c...
compiling lv_obj_style.c...
compiling lv_obj_style_gen.c...
compiling lv_obj_tree.c...
compiling lv_refr.c...
compiling lv_theme.c...
compiling lv_gpu_arm2d.c...
compiling lv_draw_pxp.c...
compiling lv_draw_pxp_blend.c...
compiling lv_gpu_nxp_pxp.c...
compiling lv_gpu_nxp_pxp_osa.c...
compiling lv_draw_vglite.c...
compiling lv_draw_vglite_arc.c...
compiling lv_draw_vglite_blend.c...
compiling lv_draw_vglite_line.c...
compiling lv_draw_vglite_rect.c...
compiling lv_vglite_buf.c...
compiling lv_vglite_utils.c...
compiling lv_gpu_d2_draw_label.c...
compiling lv_gpu_d2_ra6m3.c...
compiling lv_draw_sdl.c...
compiling lv_draw_sdl_arc.c...
compiling lv_draw_sdl_bg.c...
compiling lv_draw_sdl_composite.c...
compiling lv_draw_sdl_img.c...
compiling lv_draw_sdl_label.c...
compiling lv_draw_sdl_layer.c...
compiling lv_draw_sdl_line.c...
compiling lv_draw_sdl_mask.c...
compiling lv_draw_sdl_polygon.c...
compiling lv_draw_sdl_rect.c...
compiling lv_draw_sdl_stack_blur.c...
compiling lv_draw_sdl_texture_cache.c...
compiling lv_draw_sdl_utils.c...
compiling lv_gpu_stm32_dma2d.c...
compiling lv_draw_sw.c...
compiling lv_draw_sw_arc.c...
compiling lv_draw_sw_blend.c...
compiling lv_draw_sw_dither.c...
compiling lv_draw_sw_gradient.c...
compiling lv_draw_sw_img.c...
compiling lv_draw_sw_layer.c...
compiling lv_draw_sw_letter.c...
compiling lv_draw_sw_line.c...
compiling lv_draw_sw_polygon.c...
compiling lv_draw_sw_rect.c...
Hardware\LVGL\src\draw\sw\lv_draw_sw_rect.c(234): warning:  #546-D: transfer of control bypasses initialization of:
            variable "mask_any_center"  (declared at line 280)
          goto bg_clean_up;
          ^
Hardware\LVGL\src\draw\sw\lv_draw_sw_rect.c: 1 warning, 0 errors
compiling lv_draw_sw_transform.c...
compiling lv_gpu_swm341_dma2d.c...
compiling lv_draw.c...
compiling lv_draw_arc.c...
compiling lv_draw_img.c...
compiling lv_draw_label.c...
compiling lv_draw_layer.c...
compiling lv_draw_line.c...
compiling lv_draw_mask.c...
compiling lv_draw_rect.c...
Fatal error: C3904U: Could not open via file '.\objects\lv_draw_rect.__i'.
compiling lv_draw_transform.c...
Fatal error: C3904U: Could not open via file '.\objects\lv_draw_transform.__i'.
compiling lv_draw_triangle.c...
Fatal error: C3904U: Could not open via file '.\objects\lv_draw_triangle.__i'.
compiling lv_img_buf.c...
Fatal error: C3904U: Could not open via file '.\objects\lv_img_buf.__i'.
compiling lv_img_cache.c...
Fatal error: C3904U: Could not open via file '.\objects\lv_img_cache.__i'.
compiling lv_img_decoder.c...
Fatal error: C3904U: Could not open via file '.\objects\lv_img_decoder.__i'.
compiling lv_flex.c...
Fatal error: C3904U: Could not open via file '.\objects\lv_flex.__i'.
compiling lv_grid.c...
Fatal error: C3904U: Could not open via file '.\objects\lv_grid.__i'.
compiling lv_bmp.c...
Fatal error: C3904U: Could not open via file '.\objects\lv_bmp.__i'.
compiling lv_ffmpeg.c...
Fatal error: C3904U: Could not open via file '.\objects\lv_ffmpeg.__i'.
compiling lv_freetype.c...
Fatal error: C3904U: Could not open via file '.\objects\lv_freetype.__i'.
compiling lv_fs_fatfs.c...
Fatal error: C3904U: Could not open via file '.\objects\lv_fs_fatfs.__i'.
compiling lv_fs_littlefs.c...
Fatal error: C3904U: Could not open via file '.\objects\lv_fs_littlefs.__i'.
compiling lv_fs_posix.c...
Fatal error: C3904U: Could not open via file '.\objects\lv_fs_posix.__i'.
compiling lv_fs_stdio.c...
Fatal error: C3904U: Could not open via file '.\objects\lv_fs_stdio.__i'.
compiling lv_fs_win32.c...
Fatal error: C3904U: Could not open via file '.\objects\lv_fs_win32.__i'.
compiling gifdec.c...
Fatal error: C3904U: Could not open via file '.\objects\gifdec.__i'.
compiling lv_gif.c...
Fatal error: C3904U: Could not open via file '.\objects\lv_gif.__i'.
compiling lodepng.c...
Fatal error: C3904U: Could not open via file '.\objects\lodepng.__i'.
compiling lv_png.c...
Fatal error: C3904U: Could not open via file '.\objects\lv_png.__i'.
compiling lv_qrcode.c...
Fatal error: C3904U: Could not open via file '.\objects\lv_qrcode.__i'.
compiling qrcodegen.c...
Fatal error: C3904U: Could not open via file '.\objects\qrcodegen.__i'.
compiling lv_rlottie.c...
Fatal error: C3904U: Could not open via file '.\objects\lv_rlottie.__i'.
compiling lv_sjpg.c...
Fatal error: C3904U: Could not open via file '.\objects\lv_sjpg.__i'.
compiling tjpgd.c...
Fatal error: C3904U: Could not open via file '.\objects\tjpgd.__i'.
compiling lv_tiny_ttf.c...
Fatal error: C3904U: Could not open via file '.\objects\lv_tiny_ttf.__i'.
compiling lv_fragment.c...
Fatal error: C3904U: Could not open via file '.\objects\lv_fragment.__i'.
compiling lv_fragment_manager.c...
Fatal error: C3904U: Could not open via file '.\objects\lv_fragment_manager.__i'.
compiling lv_gridnav.c...
Fatal error: C3904U: Could not open via file '.\objects\lv_gridnav.__i'.
compiling lv_ime_pinyin.c...
Fatal error: C3904U: Could not open via file '.\objects\lv_ime_pinyin.__i'.
compiling lv_imgfont.c...
Fatal error: C3904U: Could not open via file '.\objects\lv_imgfont.__i'.
compiling lv_monkey.c...
Fatal error: C3904U: Could not open via file '.\objects\lv_monkey.__i'.
compiling lv_msg.c...
Fatal error: C3904U: Could not open via file '.\objects\lv_msg.__i'.
compiling lv_snapshot.c...
Fatal error: C3904U: Could not open via file '.\objects\lv_snapshot.__i'.
compiling lv_theme_basic.c...
Fatal error: C3904U: Could not open via file '.\objects\lv_theme_basic.__i'.
compiling lv_theme_default.c...
Fatal error: C3904U: Could not open via file '.\objects\lv_theme_default.__i'.
compiling lv_theme_mono.c...
Fatal error: C3904U: Could not open via file '.\objects\lv_theme_mono.__i'.
compiling lv_animimg.c...
Fatal error: C3904U: Could not open via file '.\objects\lv_animimg.__i'.
compiling lv_calendar.c...
Fatal error: C3904U: Could not open via file '.\objects\lv_calendar.__i'.
compiling lv_calendar_header_arrow.c...
Fatal error: C3904U: Could not open via file '.\objects\lv_calendar_header_arrow.__i'.
compiling lv_calendar_header_dropdown.c...
Fatal error: C3904U: Could not open via file '.\objects\lv_calendar_header_dropdown.__i'.
compiling lv_chart.c...
Fatal error: C3904U: Could not open via file '.\objects\lv_chart.__i'.
compiling lv_colorwheel.c...
Fatal error: C3904U: Could not open via file '.\objects\lv_colorwheel.__i'.
compiling lv_imgbtn.c...
Fatal error: C3904U: Could not open via file '.\objects\lv_imgbtn.__i'.
compiling lv_keyboard.c...
Fatal error: C3904U: Could not open via file '.\objects\lv_keyboard.__i'.
compiling lv_led.c...
Fatal error: C3904U: Could not open via file '.\objects\lv_led.__i'.
compiling lv_list.c...
Fatal error: C3904U: Could not open via file '.\objects\lv_list.__i'.
compiling lv_menu.c...
Fatal error: C3904U: Could not open via file '.\objects\lv_menu.__i'.
compiling lv_meter.c...
Fatal error: C3904U: Could not open via file '.\objects\lv_meter.__i'.
compiling lv_msgbox.c...
Fatal error: C3904U: Could not open via file '.\objects\lv_msgbox.__i'.
compiling lv_span.c...
Fatal error: C3904U: Could not open via file '.\objects\lv_span.__i'.
compiling lv_spinbox.c...
Fatal error: C3904U: Could not open via file '.\objects\lv_spinbox.__i'.
compiling lv_spinner.c...
Fatal error: C3904U: Could not open via file '.\objects\lv_spinner.__i'.
compiling lv_tabview.c...
Fatal error: C3904U: Could not open via file '.\objects\lv_tabview.__i'.
compiling lv_tileview.c...
Fatal error: C3904U: Could not open via file '.\objects\lv_tileview.__i'.
compiling lv_win.c...
Fatal error: C3904U: Could not open via file '.\objects\lv_win.__i'.
compiling lv_extra.c...
Fatal error: C3904U: Could not open via file '.\objects\lv_extra.__i'.
compiling lv_font.c...
Fatal error: C3904U: Could not open via file '.\objects\lv_font.__i'.
compiling lv_font_dejavu_16_persian_hebrew.c...
Fatal error: C3904U: Could not open via file '.\objects\lv_font_dejavu_16_persian_hebrew.__i'.
compiling lv_font_fmt_txt.c...
Fatal error: C3904U: Could not open via file '.\objects\lv_font_fmt_txt.__i'.
compiling lv_font_loader.c...
Fatal error: C3904U: Could not open via file '.\objects\lv_font_loader.__i'.
compiling lv_font_montserrat_8.c...
Fatal error: C3904U: Could not open via file '.\objects\lv_font_montserrat_8.__i'.
compiling lv_font_montserrat_10.c...
Fatal error: C3904U: Could not open via file '.\objects\lv_font_montserrat_10.__i'.
compiling lv_font_montserrat_12.c...
Fatal error: C3904U: Could not open via file '.\objects\lv_font_montserrat_12.__i'.
compiling lv_font_montserrat_12_subpx.c...
Fatal error: C3904U: Could not open via file '.\objects\lv_font_montserrat_12_subpx.__i'.
compiling lv_font_montserrat_14.c...
Fatal error: C3904U: Could not open via file '.\objects\lv_font_montserrat_14.__i'.
compiling lv_font_montserrat_16.c...
Fatal error: C3904U: Could not open via file '.\objects\lv_font_montserrat_16.__i'.
compiling lv_font_montserrat_18.c...
Fatal error: C3904U: Could not open via file '.\objects\lv_font_montserrat_18.__i'.
compiling lv_font_montserrat_20.c...
Fatal error: C3904U: Could not open via file '.\objects\lv_font_montserrat_20.__i'.
compiling lv_font_montserrat_22.c...
Fatal error: C3904U: Could not open via file '.\objects\lv_font_montserrat_22.__i'.
compiling lv_font_montserrat_24.c...
Fatal error: C3904U: Could not open via file '.\objects\lv_font_montserrat_24.__i'.
compiling lv_font_montserrat_26.c...
Fatal error: C3904U: Could not open via file '.\objects\lv_font_montserrat_26.__i'.
compiling lv_font_montserrat_28.c...
Fatal error: C3904U: Could not open via file '.\objects\lv_font_montserrat_28.__i'.
compiling lv_font_montserrat_28_compressed.c...
Fatal error: C3904U: Could not open via file '.\objects\lv_font_montserrat_28_compressed.__i'.
compiling lv_font_montserrat_30.c...
Fatal error: C3904U: Could not open via file '.\objects\lv_font_montserrat_30.__i'.
compiling lv_font_montserrat_32.c...
Fatal error: C3904U: Could not open via file '.\objects\lv_font_montserrat_32.__i'.
compiling lv_font_montserrat_34.c...
Fatal error: C3904U: Could not open via file '.\objects\lv_font_montserrat_34.__i'.
compiling lv_font_montserrat_36.c...
Fatal error: C3904U: Could not open via file '.\objects\lv_font_montserrat_36.__i'.
compiling lv_font_montserrat_38.c...
Fatal error: C3904U: Could not open via file '.\objects\lv_font_montserrat_38.__i'.
compiling lv_font_montserrat_40.c...
Fatal error: C3904U: Could not open via file '.\objects\lv_font_montserrat_40.__i'.
compiling lv_font_montserrat_42.c...
Fatal error: C3904U: Could not open via file '.\objects\lv_font_montserrat_42.__i'.
compiling lv_font_montserrat_44.c...
Fatal error: C3904U: Could not open via file '.\objects\lv_font_montserrat_44.__i'.
compiling lv_font_montserrat_46.c...
Fatal error: C3904U: Could not open via file '.\objects\lv_font_montserrat_46.__i'.
compiling lv_font_montserrat_48.c...
Fatal error: C3904U: Could not open via file '.\objects\lv_font_montserrat_48.__i'.
compiling lv_font_simsun_16_cjk.c...
Fatal error: C3904U: Could not open via file '.\objects\lv_font_simsun_16_cjk.__i'.
compiling lv_font_unscii_8.c...
Fatal error: C3904U: Could not open via file '.\objects\lv_font_unscii_8.__i'.
compiling lv_font_unscii_16.c...
Fatal error: C3904U: Could not open via file '.\objects\lv_font_unscii_16.__i'.
compiling lv_hal_disp.c...
Fatal error: C3904U: Could not open via file '.\objects\lv_hal_disp.__i'.
compiling lv_hal_indev.c...
Fatal error: C3904U: Could not open via file '.\objects\lv_hal_indev.__i'.
compiling lv_hal_tick.c...
Fatal error: C3904U: Could not open via file '.\objects\lv_hal_tick.__i'.
compiling lv_anim.c...
Fatal error: C3904U: Could not open via file '.\objects\lv_anim.__i'.
compiling lv_anim_timeline.c...
Fatal error: C3904U: Could not open via file '.\objects\lv_anim_timeline.__i'.
compiling lv_area.c...
Fatal error: C3904U: Could not open via file '.\objects\lv_area.__i'.
compiling lv_async.c...
Fatal error: C3904U: Could not open via file '.\objects\lv_async.__i'.
compiling lv_bidi.c...
Fatal error: C3904U: Could not open via file '.\objects\lv_bidi.__i'.
compiling lv_color.c...
Fatal error: C3904U: Could not open via file '.\objects\lv_color.__i'.
compiling lv_fs.c...
Fatal error: C3904U: Could not open via file '.\objects\lv_fs.__i'.
compiling lv_gc.c...
Fatal error: C3904U: Could not open via file '.\objects\lv_gc.__i'.
compiling lv_ll.c...
Fatal error: C3904U: Could not open via file '.\objects\lv_ll.__i'.
compiling lv_log.c...
Fatal error: C3904U: Could not open via file '.\objects\lv_log.__i'.
compiling lv_lru.c...
Fatal error: C3904U: Could not open via file '.\objects\lv_lru.__i'.
compiling lv_math.c...
Fatal error: C3904U: Could not open via file '.\objects\lv_math.__i'.
compiling lv_mem.c...
Fatal error: C3904U: Could not open via file '.\objects\lv_mem.__i'.
compiling lv_printf.c...
Fatal error: C3904U: Could not open via file '.\objects\lv_printf.__i'.
compiling lv_style.c...
Fatal error: C3904U: Could not open via file '.\objects\lv_style.__i'.
compiling lv_style_gen.c...
Fatal error: C3904U: Could not open via file '.\objects\lv_style_gen.__i'.
compiling lv_templ.c...
Fatal error: C3904U: Could not open via file '.\objects\lv_templ.__i'.
compiling lv_timer.c...
Fatal error: C3904U: Could not open via file '.\objects\lv_timer.__i'.
compiling lv_tlsf.c...
Fatal error: C3904U: Could not open via file '.\objects\lv_tlsf.__i'.
compiling lv_txt.c...
Fatal error: C3904U: Could not open via file '.\objects\lv_txt.__i'.
compiling lv_txt_ap.c...
Fatal error: C3904U: Could not open via file '.\objects\lv_txt_ap.__i'.
compiling lv_utils.c...
Fatal error: C3904U: Could not open via file '.\objects\lv_utils.__i'.
compiling lv_arc.c...
Fatal error: C3904U: Could not open via file '.\objects\lv_arc.__i'.
compiling lv_bar.c...
Fatal error: C3904U: Could not open via file '.\objects\lv_bar.__i'.
compiling lv_btn.c...
Fatal error: C3904U: Could not open via file '.\objects\lv_btn.__i'.
compiling lv_btnmatrix.c...
Fatal error: C3904U: Could not open via file '.\objects\lv_btnmatrix.__i'.
compiling lv_canvas.c...
Fatal error: C3904U: Could not open via file '.\objects\lv_canvas.__i'.
compiling lv_checkbox.c...
Fatal error: C3904U: Could not open via file '.\objects\lv_checkbox.__i'.
compiling lv_dropdown.c...
Fatal error: C3904U: Could not open via file '.\objects\lv_dropdown.__i'.
compiling lv_img.c...
Fatal error: C3904U: Could not open via file '.\objects\lv_img.__i'.
compiling lv_label.c...
Fatal error: C3904U: Could not open via file '.\objects\lv_label.__i'.
compiling lv_line.c...
Fatal error: C3904U: Could not open via file '.\objects\lv_line.__i'.
compiling lv_objx_templ.c...
Fatal error: C3904U: Could not open via file '.\objects\lv_objx_templ.__i'.
compiling lv_roller.c...
Fatal error: C3904U: Could not open via file '.\objects\lv_roller.__i'.
compiling lv_slider.c...
Fatal error: C3904U: Could not open via file '.\objects\lv_slider.__i'.
compiling lv_switch.c...
Fatal error: C3904U: Could not open via file '.\objects\lv_switch.__i'.
compiling lv_table.c...
Fatal error: C3904U: Could not open via file '.\objects\lv_table.__i'.
compiling lv_textarea.c...
Fatal error: C3904U: Could not open via file '.\objects\lv_textarea.__i'.
compiling lv_port_disp.c...
Fatal error: C3904U: Could not open via file '.\objects\lv_port_disp.__i'.
compiling lv_port_fs.c...
Fatal error: C3904U: Could not open via file '.\objects\lv_port_fs.__i'.
compiling lv_port_indev.c...
Fatal error: C3904U: Could not open via file '.\objects\lv_port_indev.__i'.
compiling main.c...
Fatal error: C3904U: Could not open via file '.\objects\main.__i'.
compiling stm32f4xx_it.c...
Fatal error: C3904U: Could not open via file '.\objects\stm32f4xx_it.__i'.
compiling system_stm32f4xx.c...
Fatal error: C3904U: Could not open via file '.\objects\system_stm32f4xx.__i'.
linking...
.\Objects\Project.axf: error: L6002U: Could not open file .\objects\lv_draw_rect.o: No such file or directory
Not enough information to produce a FEEDBACK file.
Finished: 1 information, 0 warning, 0 error and 1 fatal error messages.
".\Objects\Project.axf" - 1 Error(s), 3 Warning(s).

*** Performing Cross-Module-Optimization:
*** Feedback file '.\Objects\Project.fed' not found.
Target not created.
Build Time Elapsed:  00:00:55
