*** Using Compiler 'V5.06 update 7 (build 960)', folder: 'D:\Keil5\Keil5\ARM\ARM_Compiler_5.06u7\Bin'
Rebuild target 'Target_1'

FCARM uses the following Files via command file '.\Auto_FcArm_Cmd.inp':
App\LVGL_myGui\src\generated\images\images_md5.json 
TO Target_1.c NOPRINT
custom translating @.\Auto_FcArm_Cmd.inp...
Custom: D:\Keil5\Keil5\ARM\Bin\FCARM.exe @.\Auto_FcArm_Cmd.inp

FCARM FILE CONVERTER V2.59
Completed 1 File(s), Ratio 100%
assembling startup_stm32f40_41xxx.s...
compiling Target_1.c...
compiling stm32f4xx_cryp_des.c...
compiling stm32f4xx_cryp_tdes.c...
compiling stm32f4xx_crc.c...
compiling stm32f4xx_cec.c...
compiling misc.c...
compiling stm32f4xx_cryp.c...
compiling stm32f4xx_adc.c...
compiling stm32f4xx_can.c...
compiling stm32f4xx_cryp_aes.c...
compiling stm32f4xx_dac.c...
compiling stm32f4xx_dbgmcu.c...
compiling stm32f4xx_dcmi.c...
compiling stm32f4xx_dfsdm.c...
compiling stm32f4xx_dma2d.c...
compiling stm32f4xx_dma.c...
compiling stm32f4xx_dsi.c...
compiling stm32f4xx_flash_ramfunc.c...
compiling stm32f4xx_flash.c...
compiling stm32f4xx_fmpi2c.c...
compiling stm32f4xx_exti.c...
compiling stm32f4xx_fsmc.c...
compiling stm32f4xx_gpio.c...
compiling stm32f4xx_hash.c...
compiling stm32f4xx_hash_md5.c...
compiling stm32f4xx_hash_sha1.c...
compiling stm32f4xx_i2c.c...
compiling stm32f4xx_iwdg.c...
compiling stm32f4xx_lptim.c...
compiling stm32f4xx_qspi.c...
compiling stm32f4xx_pwr.c...
compiling stm32f4xx_ltdc.c...
compiling stm32f4xx_rcc.c...
compiling stm32f4xx_rng.c...
compiling stm32f4xx_rtc.c...
compiling stm32f4xx_sdio.c...
compiling stm32f4xx_sai.c...
compiling stm32f4xx_spdifrx.c...
compiling stm32f4xx_spi.c...
compiling stm32f4xx_syscfg.c...
compiling stm32f4xx_tim.c...
compiling stm32f4xx_usart.c...
compiling stm32f4xx_wwdg.c...
compiling lcd.c...
compiling ctpiic.c...
compiling ft6336.c...
compiling touch.c...
compiling LCD_SPI.c...
compiling Usart.c...
compiling led.c...
compiling sys.c...
compiling LCD_delay.c...
compiling LCD_Timer.c...
compiling GUI.c...
compiling LCD_test.c...
compiling croutine.c...
.\Hardware\FreeRTOS\FreeRTOSConfig.h(117): warning:  #1-D: last line of file ends without a newline
  #endif /* FREERTOS_CONFIG_H */
Hardware\FreeRTOS\croutine.c: 1 warning, 0 errors
compiling event_groups.c...
.\Hardware\FreeRTOS\FreeRTOSConfig.h(117): warning:  #1-D: last line of file ends without a newline
  #endif /* FREERTOS_CONFIG_H */
Hardware\FreeRTOS\event_groups.c: 1 warning, 0 errors
compiling lv_disp.c...
compiling list.c...
.\Hardware\FreeRTOS\FreeRTOSConfig.h(117): warning:  #1-D: last line of file ends without a newline
  #endif /* FREERTOS_CONFIG_H */
Hardware\FreeRTOS\list.c: 1 warning, 0 errors
compiling lv_group.c...
compiling queue.c...
.\Hardware\FreeRTOS\FreeRTOSConfig.h(117): warning:  #1-D: last line of file ends without a newline
  #endif /* FREERTOS_CONFIG_H */
Hardware\FreeRTOS\queue.c: 1 warning, 0 errors
compiling heap_4.c...
.\Hardware\FreeRTOS\FreeRTOSConfig.h(117): warning:  #1-D: last line of file ends without a newline
  #endif /* FREERTOS_CONFIG_H */
Hardware\FreeRTOS\portable\MemMang\heap_4.c: 1 warning, 0 errors
compiling port.c...
.\Hardware\FreeRTOS\FreeRTOSConfig.h(117): warning:  #1-D: last line of file ends without a newline
  #endif /* FREERTOS_CONFIG_H */
Hardware\FreeRTOS\portable\RVDS\ARM_CM4F\port.c: 1 warning, 0 errors
compiling lv_event.c...
Hardware\LVGL\src\core\lv_event.c(117): warning:  #188-D: enumerated type mixed with another type
      return e->code & ~LV_EVENT_PREPROCESS;
Hardware\LVGL\src\core\lv_event.c: 1 warning, 0 errors
compiling stream_buffer.c...
.\Hardware\FreeRTOS\FreeRTOSConfig.h(117): warning:  #1-D: last line of file ends without a newline
  #endif /* FREERTOS_CONFIG_H */
Hardware\FreeRTOS\stream_buffer.c: 1 warning, 0 errors
compiling timers.c...
.\Hardware\FreeRTOS\FreeRTOSConfig.h(117): warning:  #1-D: last line of file ends without a newline
  #endif /* FREERTOS_CONFIG_H */
Hardware\FreeRTOS\timers.c: 1 warning, 0 errors
compiling tasks.c...
.\Hardware\FreeRTOS\FreeRTOSConfig.h(117): warning:  #1-D: last line of file ends without a newline
  #endif /* FREERTOS_CONFIG_H */
Hardware\FreeRTOS\tasks.c: 1 warning, 0 errors
compiling lv_indev.c...
compiling lv_indev_scroll.c...
compiling lv_obj.c...
compiling lv_obj_class.c...
compiling lv_obj_draw.c...
Hardware\LVGL\src\core\lv_obj_draw.c(392): warning:  #188-D: enumerated type mixed with another type
      if(obj->spec_attr) return obj->spec_attr->layer_type;
Hardware\LVGL\src\core\lv_obj_draw.c: 1 warning, 0 errors
compiling lv_obj_pos.c...
compiling lv_obj_scroll.c...
compiling lv_obj_style.c...
compiling lv_obj_style_gen.c...
compiling lv_theme.c...
compiling lv_obj_tree.c...
compiling lv_gpu_arm2d.c...
compiling lv_refr.c...
compiling lv_draw_pxp.c...
compiling lv_draw_pxp_blend.c...
compiling lv_gpu_nxp_pxp.c...
compiling lv_gpu_nxp_pxp_osa.c...
compiling lv_draw_vglite.c...
compiling lv_draw_vglite_arc.c...
compiling lv_draw_vglite_blend.c...
compiling lv_draw_vglite_line.c...
compiling lv_draw_vglite_rect.c...
compiling lv_vglite_buf.c...
compiling lv_vglite_utils.c...
compiling lv_gpu_d2_draw_label.c...
compiling lv_gpu_d2_ra6m3.c...
compiling lv_draw_sdl.c...
compiling lv_draw_sdl_arc.c...
compiling lv_draw_sdl_bg.c...
compiling lv_draw_sdl_composite.c...
compiling lv_draw_sdl_img.c...
compiling lv_draw_sdl_label.c...
compiling lv_draw_sdl_layer.c...
compiling lv_draw_sdl_line.c...
compiling lv_draw_sdl_mask.c...
compiling lv_draw_sdl_polygon.c...
compiling lv_draw_sdl_rect.c...
compiling lv_draw_sdl_stack_blur.c...
compiling lv_draw_sdl_texture_cache.c...
compiling lv_draw_sdl_utils.c...
compiling lv_gpu_stm32_dma2d.c...
compiling lv_draw_sw.c...
compiling lv_draw_sw_arc.c...
compiling lv_draw_sw_blend.c...
compiling lv_draw_sw_dither.c...
compiling lv_draw_sw_gradient.c...
compiling lv_draw_sw_img.c...
compiling lv_draw_sw_layer.c...
compiling lv_draw_sw_letter.c...
compiling lv_draw_sw_line.c...
compiling lv_draw_sw_polygon.c...
compiling lv_draw_sw_rect.c...
Hardware\LVGL\src\draw\sw\lv_draw_sw_rect.c(234): warning:  #546-D: transfer of control bypasses initialization of:
            variable "mask_any_center"  (declared at line 280)
          goto bg_clean_up;
          ^
Hardware\LVGL\src\draw\sw\lv_draw_sw_rect.c: 1 warning, 0 errors
compiling lv_draw_sw_transform.c...
compiling lv_gpu_swm341_dma2d.c...
compiling lv_draw.c...
compiling lv_draw_arc.c...
compiling lv_draw_img.c...
compiling lv_draw_label.c...
compiling lv_draw_layer.c...
compiling lv_draw_line.c...
compiling lv_draw_mask.c...
compiling lv_draw_rect.c...
compiling lv_draw_transform.c...
compiling lv_draw_triangle.c...
compiling lv_img_buf.c...
compiling lv_img_cache.c...
compiling lv_img_decoder.c...
compiling lv_flex.c...
compiling lv_grid.c...
compiling lv_bmp.c...
compiling lv_ffmpeg.c...
compiling lv_freetype.c...
compiling lv_fs_fatfs.c...
compiling lv_fs_littlefs.c...
compiling lv_fs_posix.c...
compiling lv_fs_stdio.c...
compiling lv_fs_win32.c...
compiling gifdec.c...
compiling lv_gif.c...
compiling lodepng.c...
compiling lv_png.c...
compiling lv_qrcode.c...
compiling qrcodegen.c...
Hardware\LVGL\src\extra\libs\qrcode\qrcodegen.c(278): warning:  #188-D: enumerated type mixed with another type
  	applyMask(tempBuffer, qrcode, mask);
Hardware\LVGL\src\extra\libs\qrcode\qrcodegen.c(279): warning:  #188-D: enumerated type mixed with another type
  	drawFormatBits(ecl, mask, qrcode);
Hardware\LVGL\src\extra\libs\qrcode\qrcodegen.c(620): warning:  #111-D: statement is unreachable
  				default:  LV_ASSERT(false);  return;
Hardware\LVGL\src\extra\libs\qrcode\qrcodegen.c(853): warning:  #111-D: statement is unreachable
  		return -1;
Hardware\LVGL\src\extra\libs\qrcode\qrcodegen.c(1008): warning:  #111-D: statement is unreachable
  		default:  LV_ASSERT(false);  return -1;  // Dummy value
Hardware\LVGL\src\extra\libs\qrcode\qrcodegen.c: 5 warnings, 0 errors
compiling lv_rlottie.c...
compiling lv_sjpg.c...
compiling tjpgd.c...
compiling lv_tiny_ttf.c...
compiling lv_fragment.c...
compiling lv_fragment_manager.c...
compiling lv_gridnav.c...
compiling lv_ime_pinyin.c...
compiling lv_imgfont.c...
compiling lv_monkey.c...
compiling lv_msg.c...
compiling lv_snapshot.c...
compiling lv_theme_basic.c...
compiling lv_theme_default.c...
Hardware\LVGL\src\extra\themes\default\lv_theme_default.c(211): warning:  #188-D: enumerated type mixed with another type
Hardware\LVGL\src\extra\themes\default\lv_theme_default.c: 1 warning, 0 errors
compiling lv_theme_mono.c...
compiling lv_animimg.c...
compiling lv_calendar.c...
compiling lv_calendar_header_arrow.c...
compiling lv_calendar_header_dropdown.c...
compiling lv_colorwheel.c...
compiling lv_chart.c...
compiling lv_imgbtn.c...
compiling lv_keyboard.c...
compiling lv_led.c...
compiling lv_list.c...
compiling lv_menu.c...
compiling lv_meter.c...
compiling lv_msgbox.c...
compiling lv_span.c...
Hardware\LVGL\src\extra\widgets\span\lv_span.c(901): warning:  #546-D: transfer of control bypasses initialization of:
            variable "align"  (declared at line 905)
              goto Next_line_init;
              ^
Hardware\LVGL\src\extra\widgets\span\lv_span.c: 1 warning, 0 errors
compiling lv_spinbox.c...
compiling lv_spinner.c...
compiling lv_tabview.c...
compiling lv_tileview.c...
compiling lv_win.c...
compiling lv_font.c...
compiling lv_extra.c...
compiling lv_font_fmt_txt.c...
Hardware\LVGL\src\font\lv_font_fmt_txt.c(137): warning:  #111-D: statement is unreachable
      return NULL;
Hardware\LVGL\src\font\lv_font_fmt_txt.c: 1 warning, 0 errors
compiling lv_font_dejavu_16_persian_hebrew.c...
compiling lv_font_loader.c...
compiling lv_font_montserrat_8.c...
compiling lv_font_montserrat_10.c...
compiling lv_font_montserrat_12.c...
compiling lv_font_montserrat_12_subpx.c...
compiling lv_font_montserrat_14.c...
compiling lv_font_montserrat_16.c...
compiling lv_font_montserrat_18.c...
compiling lv_font_montserrat_20.c...
compiling lv_font_montserrat_22.c...
compiling lv_font_montserrat_24.c...
compiling lv_font_montserrat_26.c...
compiling lv_font_montserrat_28.c...
compiling lv_font_montserrat_28_compressed.c...
compiling lv_font_montserrat_30.c...
compiling lv_font_montserrat_32.c...
compiling lv_font_montserrat_34.c...
compiling lv_font_montserrat_36.c...
compiling lv_font_montserrat_38.c...
compiling lv_font_montserrat_40.c...
compiling lv_font_montserrat_42.c...
compiling lv_font_montserrat_44.c...
compiling lv_font_montserrat_46.c...
compiling lv_font_montserrat_48.c...
compiling lv_font_simsun_16_cjk.c...
compiling lv_font_unscii_8.c...
compiling lv_font_unscii_16.c...
compiling lv_hal_disp.c...
Hardware\LVGL\src\hal\lv_hal_disp.c(582): warning:  #188-D: enumerated type mixed with another type
      return disp->driver->rotated;
Hardware\LVGL\src\hal\lv_hal_disp.c: 1 warning, 0 errors
compiling lv_hal_indev.c...
compiling lv_hal_tick.c...
compiling lv_anim.c...
compiling lv_anim_timeline.c...
compiling lv_area.c...
compiling lv_async.c...
compiling lv_bidi.c...
compiling lv_color.c...
compiling lv_fs.c...
compiling lv_gc.c...
compiling lv_ll.c...
compiling lv_log.c...
compiling lv_lru.c...
Hardware\LVGL\src\misc\lv_lru.c(238): warning:  #68-D: integer conversion resulted in a change of sign
      uint32_t i = 0, min_index = -1;
Hardware\LVGL\src\misc\lv_lru.c(239): warning:  #68-D: integer conversion resulted in a change of sign
      uint64_t min_access_count = -1;
Hardware\LVGL\src\misc\lv_lru.c: 2 warnings, 0 errors
compiling lv_math.c...
compiling lv_mem.c...
Hardware\LVGL\src\misc\lv_mem.c(324): warning:  #111-D: statement is unreachable
      return NULL;
Hardware\LVGL\src\misc\lv_mem.c: 1 warning, 0 errors
compiling lv_printf.c...
compiling lv_style.c...
Hardware\LVGL\src\misc\lv_style.c(214): warning:  #188-D: enumerated type mixed with another type
      return last_custom_prop_id;
Hardware\LVGL\src\misc\lv_style.c(219): warning:  #188-D: enumerated type mixed with another type
      return last_custom_prop_id - _LV_STYLE_LAST_BUILT_IN_PROP;
Hardware\LVGL\src\misc\lv_style.c(290): warning:  #188-D: enumerated type mixed with another type
      lv_style_set_prop_internal(style, prop | meta, null_style_value, lv_style_set_prop_meta_helper);
Hardware\LVGL\src\misc\lv_style.c: 3 warnings, 0 errors
compiling lv_style_gen.c...
compiling lv_templ.c...
compiling lv_timer.c...
compiling lv_txt.c...
compiling lv_tlsf.c...
Hardware\LVGL\src\misc\lv_tlsf.c(897): warning:  #68-D: integer conversion resulted in a change of sign
          offset_to_block(pool, -(int)block_header_overhead);
Hardware\LVGL\src\misc\lv_tlsf.c(999): warning:  #68-D: integer conversion resulted in a change of sign
      block = offset_to_block(mem, -(tlsfptr_t)block_header_overhead);
Hardware\LVGL\src\misc\lv_tlsf.c(1017): warning:  #68-D: integer conversion resulted in a change of sign
      block_header_t * block = offset_to_block(pool, -(int)block_header_overhead);
Hardware\LVGL\src\misc\lv_tlsf.c: 3 warnings, 0 errors
compiling lv_txt_ap.c...
compiling lv_utils.c...
compiling lv_arc.c...
compiling lv_bar.c...
compiling lv_btn.c...
compiling lv_canvas.c...
compiling lv_checkbox.c...
compiling lv_dropdown.c...
compiling lv_btnmatrix.c...
compiling lv_img.c...
compiling lv_label.c...
compiling lv_line.c...
compiling lv_objx_templ.c...
compiling lv_roller.c...
compiling lv_slider.c...
compiling lv_switch.c...
compiling lv_table.c...
compiling lv_textarea.c...
compiling custom.c...
App\LVGL_myGui\src\custom\custom.c(178): warning:  #1-D: last line of file ends without a newline
  }
App\LVGL_myGui\src\custom\custom.c: 1 warning, 0 errors
compiling setup_scr_screen_1.c...
compiling events_init.c...
compiling gui_guider.c...
compiling widgets_init.c...
App\LVGL_myGui\src\generated\widgets_init.c(121): warning:  #223-D: function "clock_count_12" declared implicitly
      clock_count_12(&screen_1_digital_clock_1_hour_value, &screen_1_digital_clock_1_min_value, &screen_1_digital_clock_1_sec_value, screen_1_digital_clock_1_meridiem);
App\LVGL_myGui\src\generated\widgets_init.c(124): warning:  #223-D: function "lv_dclock_set_text_fmt" declared implicitly
          lv_dclock_set_text_fmt(guider_ui.screen_1_digital_clock_1, "%d:%02d %s", screen_1_digital_clock_1_hour_value, screen_1_digital_clock_1_min_value, screen_1_digital_clock_1_meridiem);
App\LVGL_myGui\src\generated\widgets_init.c: 2 warnings, 0 errors
compiling _Background00_alpha_480x320.c...
compiling _Celsius_alpha_20x20.c...
compiling _Celsius_alpha_25x25.c...
compiling _high_alpha_30x50.c...
compiling _humidity_alpha_30x30.c...
compiling _low_alpha_30x50.c...
compiling _percentage_alpha_26x26.c...
compiling _Sunny_Cloudy_alpha_88x67.c...
compiling _temperature_alpha_40x40.c...
compiling _WIFI_alpha_20x20.c...
compiling lv_font_Alatsi_Regular_25.c...
compiling lv_font_Alatsi_Regular_30.c...
compiling lv_font_Alatsi_Regular_50.c...
compiling lv_font_Alatsi_Regular_75.c...
compiling lv_font_Antonio_Regular_25.c...
compiling lv_font_SourceHanSerifSC_Regular_12.c...
compiling lv_font_SourceHanSerifSC_Regular_17.c...
compiling lv_font_SourceHanSerifSC_Regular_30.c...
compiling lv_font_WeekdayCN_Subset_30.c...
compiling lv_port_fs.c...
compiling lv_port_disp.c...
Hardware\LVGL\examples\porting\lv_port_disp.c(20): warning:  #1215-D: #warning directive: Please define or replace the macro MY_DISP_HOR_RES with the actual screen width, default value 320 is used for now.
      #warning Please define or replace the macro MY_DISP_HOR_RES with the actual screen width, default value 320 is used for now.
Hardware\LVGL\examples\porting\lv_port_disp.c(25): warning:  #1215-D: #warning directive: Please define or replace the macro MY_DISP_HOR_RES with the actual screen height, default value 240 is used for now.
      #warning Please define or replace the macro MY_DISP_HOR_RES with the actual screen height, default value 240 is used for now.
Hardware\LVGL\examples\porting\lv_port_disp.c: 2 warnings, 0 errors
compiling stm32f4xx_it.c...
compiling system_stm32f4xx.c...
compiling lv_port_indev.c...
Hardware\LVGL\examples\porting\lv_port_indev.c(236): warning:  #177-D: function "mouse_init"  was declared but never referenced
  static void mouse_init(void)
Hardware\LVGL\examples\porting\lv_port_indev.c(242): warning:  #177-D: function "mouse_read"  was declared but never referenced
  static void mouse_read(lv_indev_drv_t * indev_drv, lv_indev_data_t * data)
Hardware\LVGL\examples\porting\lv_port_indev.c(278): warning:  #177-D: function "keypad_init"  was declared but never referenced
  static void keypad_init(void)
Hardware\LVGL\examples\porting\lv_port_indev.c(284): warning:  #177-D: function "keypad_read"  was declared but never referenced
  static void keypad_read(lv_indev_drv_t * indev_drv, lv_indev_data_t * data)
Hardware\LVGL\examples\porting\lv_port_indev.c(337): warning:  #177-D: function "encoder_init"  was declared but never referenced
  static void encoder_init(void)
Hardware\LVGL\examples\porting\lv_port_indev.c(343): warning:  #177-D: function "encoder_read"  was declared but never referenced
  static void encoder_read(lv_indev_drv_t * indev_drv, lv_indev_data_t * data)
Hardware\LVGL\examples\porting\lv_port_indev.c(351): warning:  #177-D: function "encoder_handler"  was declared but never referenced
  static void encoder_handler(void)
Hardware\LVGL\examples\porting\lv_port_indev.c(364): warning:  #177-D: function "button_init"  was declared but never referenced
  static void button_init(void)
Hardware\LVGL\examples\porting\lv_port_indev.c(370): warning:  #177-D: function "button_read"  was declared but never referenced
  static void button_read(lv_indev_drv_t * indev_drv, lv_indev_data_t * data)
Hardware\LVGL\examples\porting\lv_port_indev.c: 9 warnings, 0 errors
compiling main.c...
.\Hardware\FreeRTOS\FreeRTOSConfig.h(117): warning:  #1-D: last line of file ends without a newline
  #endif /* FREERTOS_CONFIG_H */
User\main.c: 1 warning, 0 errors
linking...
Program Size: Code=159348 RO-data=498920 RW-data=696 ZI-data=107752  
".\Objects\Project.axf" - 0 Error(s), 45 Warning(s).
Build Time Elapsed:  00:00:45
